# JRE version: OpenJDK Runtime Environment Temurin-17.0.8.1+1 (17.0.8.1+1) (build 17.0.8.1+1)
# Java VM: OpenJDK 64-Bit Server VM Temurin-17.0.8.1+1 (17.0.8.1+1, mixed mode, tiered, compressed oops, compressed class ptrs, g1 gc, windows-amd64)
GC Precious Log:
 CPUs: 12 total, 12 available
 Memory: 5996M
 Large Page Support: Disabled
 NUMA Support: Disabled
 Compressed Oops: Enabled (32-bit)
 Heap Region Size: 1M
 Heap Min Capacity: 8M
 Heap Initial Capacity: 94M
 Heap Max Capacity: 1500M
 Pre-touch: Disabled
 Parallel Workers: 10
 Concurrent Workers: 3
 Concurrent Refinement Workers: 10
 Periodic GC: Disabled
Heap:
 garbage-first heap   total 40960K, used 13455K [0x00000000a2400000, 0x0000000100000000)
  region size 1024K, 2 young (2048K), 2 survivors (2048K)
 Metaspace       used 32889K, committed 33216K, reserved 1114112K
  class space    used 3708K, committed 3840K, reserved 1048576K
GC Heap History (15 events):
Event: 2.424 GC heap before
{Heap before GC invocations=0 (full 0):
 garbage-first heap   total 96256K, used 23552K [0x00000000a2400000, 0x0000000100000000)
  region size 1024K, 23 young (23552K), 0 survivors (0K)
 Metaspace       used 16930K, committed 17088K, reserved 1114112K
  class space    used 1727K, committed 1792K, reserved 1048576K
}
Event: 2.435 GC heap after
{Heap after GC invocations=1 (full 0):
 garbage-first heap   total 96256K, used 7355K [0x00000000a2400000, 0x0000000100000000)
  region size 1024K, 3 young (3072K), 3 survivors (3072K)
 Metaspace       used 16930K, committed 17088K, reserved 1114112K
  class space    used 1727K, committed 1792K, reserved 1048576K
}
Event: 2.787 GC heap before
{Heap before GC invocations=1 (full 0):
 garbage-first heap   total 96256K, used 18619K [0x00000000a2400000, 0x0000000100000000)
  region size 1024K, 15 young (15360K), 3 survivors (3072K)
 Metaspace       used 21248K, committed 21504K, reserved 1114112K
  class space    used 2232K, committed 2368K, reserved 1048576K
}
Event: 2.793 GC heap after
{Heap after GC invocations=2 (full 0):
 garbage-first heap   total 96256K, used 9372K [0x00000000a2400000, 0x0000000100000000)
  region size 1024K, 3 young (3072K), 3 survivors (3072K)
 Metaspace       used 21248K, committed 21504K, reserved 1114112K
  class space    used 2232K, committed 2368K, reserved 1048576K
}
Event: 10.570 GC heap before
{Heap before GC invocations=3 (full 0):
 garbage-first heap   total 40960K, used 26780K [0x00000000a2400000, 0x0000000100000000)
  region size 1024K, 22 young (22528K), 3 survivors (3072K)
 Metaspace       used 26108K, committed 26496K, reserved 1114112K
  class space    used 2848K, committed 3008K, reserved 1048576K
}
Event: 10.577 GC heap after
{Heap after GC invocations=4 (full 0):
 garbage-first heap   total 40960K, used 10599K [0x00000000a2400000, 0x0000000100000000)
  region size 1024K, 4 young (4096K), 4 survivors (4096K)
 Metaspace       used 26108K, committed 26496K, reserved 1114112K
  class space    used 2848K, committed 3008K, reserved 1048576K
}
Event: 10.613 GC heap before
{Heap before GC invocations=4 (full 0):
 garbage-first heap   total 40960K, used 11623K [0x00000000a2400000, 0x0000000100000000)
  region size 1024K, 5 young (5120K), 4 survivors (4096K)
 Metaspace       used 26569K, committed 26880K, reserved 1114112K
  class space    used 2899K, committed 3072K, reserved 1048576K
}
Event: 10.617 GC heap after
{Heap after GC invocations=5 (full 0):
 garbage-first heap   total 40960K, used 10904K [0x00000000a2400000, 0x0000000100000000)
  region size 1024K, 1 young (1024K), 1 survivors (1024K)
 Metaspace       used 26569K, committed 26880K, reserved 1114112K
  class space    used 2899K, committed 3072K, reserved 1048576K
}
Event: 11.033 GC heap before
{Heap before GC invocations=5 (full 0):
 garbage-first heap   total 40960K, used 26264K [0x00000000a2400000, 0x0000000100000000)
  region size 1024K, 17 young (17408K), 1 survivors (1024K)
 Metaspace       used 30929K, committed 31296K, reserved 1114112K
  class space    used 3448K, committed 3584K, reserved 1048576K
}
Event: 11.034 GC heap after
{Heap after GC invocations=6 (full 0):
 garbage-first heap   total 40960K, used 11683K [0x00000000a2400000, 0x0000000100000000)
  region size 1024K, 2 young (2048K), 2 survivors (2048K)
 Metaspace       used 30929K, committed 31296K, reserved 1114112K
  class space    used 3448K, committed 3584K, reserved 1048576K
}
Event: 11.080 GC heap before
{Heap before GC invocations=6 (full 0):
 garbage-first heap   total 40960K, used 28067K [0x00000000a2400000, 0x0000000100000000)
  region size 1024K, 18 young (18432K), 2 survivors (2048K)
 Metaspace       used 31149K, committed 31488K, reserved 1114112K
  class space    used 3477K, committed 3648K, reserved 1048576K
}
Event: 11.082 GC heap after
{Heap after GC invocations=7 (full 0):
 garbage-first heap   total 40960K, used 12207K [0x00000000a2400000, 0x0000000100000000)
  region size 1024K, 2 young (2048K), 2 survivors (2048K)
 Metaspace       used 31149K, committed 31488K, reserved 1114112K
  class space    used 3477K, committed 3648K, reserved 1048576K
}
Event: 11.095 GC heap before
{Heap before GC invocations=7 (full 0):
 garbage-first heap   total 40960K, used 29615K [0x00000000a2400000, 0x0000000100000000)
  region size 1024K, 19 young (19456K), 2 survivors (2048K)
 Metaspace       used 31149K, committed 31488K, reserved 1114112K
  class space    used 3477K, committed 3648K, reserved 1048576K
}
Event: 11.098 GC heap after
{Heap after GC invocations=8 (full 0):
 garbage-first heap   total 40960K, used 12762K [0x00000000a2400000, 0x0000000100000000)
  region size 1024K, 2 young (2048K), 2 survivors (2048K)
 Metaspace       used 31149K, committed 31488K, reserved 1114112K
  class space    used 3477K, committed 3648K, reserved 1048576K
}
Event: 11.284 GC heap before
{Heap before GC invocations=8 (full 0):
 garbage-first heap   total 40960K, used 29146K [0x00000000a2400000, 0x0000000100000000)
  region size 1024K, 19 young (19456K), 2 survivors (2048K)
 Metaspace       used 32889K, committed 33216K, reserved 1114112K
  class space    used 3708K, committed 3840K, reserved 1048576K
}

