# JRE version: OpenJDK Runtime Environment Temurin-17.0.8.1+1 (17.0.8.1+1) (build 17.0.8.1+1)
# Java VM: OpenJDK 64-Bit Server VM Temurin-17.0.8.1+1 (17.0.8.1+1, mixed mode, tiered, compressed oops, compressed class ptrs, g1 gc, windows-amd64)
GC Precious Log:
 CPUs: 12 total, 12 available
 Memory: 5996M
 Large Page Support: Disabled
 NUMA Support: Disabled
 Compressed Oops: Enabled (32-bit)
 Heap Region Size: 1M
 Heap Min Capacity: 8M
 Heap Initial Capacity: 94M
 Heap Max Capacity: 1500M
 Pre-touch: Disabled
 Parallel Workers: 10
 Concurrent Workers: 3
 Concurrent Refinement Workers: 10
 Periodic GC: Disabled
Heap:
 garbage-first heap   total 79872K, used 16194K [0x00000000a2400000, 0x0000000100000000)
  region size 1024K, 6 young (6144K), 3 survivors (3072K)
 Metaspace       used 35112K, committed 35456K, reserved 1114112K
  class space    used 3905K, committed 4096K, reserved 1048576K
GC Heap History (17 events):
Event: 2.098 GC heap before
{Heap before GC invocations=0 (full 0):
 garbage-first heap   total 96256K, used 23552K [0x00000000a2400000, 0x0000000100000000)
  region size 1024K, 23 young (23552K), 0 survivors (0K)
 Metaspace       used 16937K, committed 17088K, reserved 1114112K
  class space    used 1728K, committed 1792K, reserved 1048576K
}
Event: 2.106 GC heap after
{Heap after GC invocations=1 (full 0):
 garbage-first heap   total 96256K, used 7228K [0x00000000a2400000, 0x0000000100000000)
  region size 1024K, 3 young (3072K), 3 survivors (3072K)
 Metaspace       used 16937K, committed 17088K, reserved 1114112K
  class space    used 1728K, committed 1792K, reserved 1048576K
}
Event: 2.461 GC heap before
{Heap before GC invocations=1 (full 0):
 garbage-first heap   total 96256K, used 18492K [0x00000000a2400000, 0x0000000100000000)
  region size 1024K, 15 young (15360K), 3 survivors (3072K)
 Metaspace       used 21249K, committed 21504K, reserved 1114112K
  class space    used 2233K, committed 2368K, reserved 1048576K
}
Event: 2.466 GC heap after
{Heap after GC invocations=2 (full 0):
 garbage-first heap   total 96256K, used 9635K [0x00000000a2400000, 0x0000000100000000)
  region size 1024K, 3 young (3072K), 3 survivors (3072K)
 Metaspace       used 21249K, committed 21504K, reserved 1114112K
  class space    used 2233K, committed 2368K, reserved 1048576K
}
Event: 10.241 GC heap before
{Heap before GC invocations=3 (full 0):
 garbage-first heap   total 40960K, used 27043K [0x00000000a2400000, 0x0000000100000000)
  region size 1024K, 22 young (22528K), 3 survivors (3072K)
 Metaspace       used 26002K, committed 26304K, reserved 1114112K
  class space    used 2834K, committed 3008K, reserved 1048576K
}
Event: 10.245 GC heap after
{Heap after GC invocations=4 (full 0):
 garbage-first heap   total 40960K, used 10691K [0x00000000a2400000, 0x0000000100000000)
  region size 1024K, 4 young (4096K), 4 survivors (4096K)
 Metaspace       used 26002K, committed 26304K, reserved 1114112K
  class space    used 2834K, committed 3008K, reserved 1048576K
}
Event: 10.270 GC heap before
{Heap before GC invocations=4 (full 0):
 garbage-first heap   total 40960K, used 11715K [0x00000000a2400000, 0x0000000100000000)
  region size 1024K, 5 young (5120K), 4 survivors (4096K)
 Metaspace       used 26227K, committed 26560K, reserved 1114112K
  class space    used 2865K, committed 3008K, reserved 1048576K
}
Event: 10.273 GC heap after
{Heap after GC invocations=5 (full 0):
 garbage-first heap   total 40960K, used 10941K [0x00000000a2400000, 0x0000000100000000)
  region size 1024K, 1 young (1024K), 1 survivors (1024K)
 Metaspace       used 26227K, committed 26560K, reserved 1114112K
  class space    used 2865K, committed 3008K, reserved 1048576K
}
Event: 10.710 GC heap before
{Heap before GC invocations=5 (full 0):
 garbage-first heap   total 40960K, used 27325K [0x00000000a2400000, 0x0000000100000000)
  region size 1024K, 17 young (17408K), 1 survivors (1024K)
 Metaspace       used 30909K, committed 31232K, reserved 1114112K
  class space    used 3445K, committed 3584K, reserved 1048576K
}
Event: 10.712 GC heap after
{Heap after GC invocations=6 (full 0):
 garbage-first heap   total 40960K, used 11710K [0x00000000a2400000, 0x0000000100000000)
  region size 1024K, 2 young (2048K), 2 survivors (2048K)
 Metaspace       used 30909K, committed 31232K, reserved 1114112K
  class space    used 3445K, committed 3584K, reserved 1048576K
}
Event: 10.763 GC heap before
{Heap before GC invocations=6 (full 0):
 garbage-first heap   total 40960K, used 28094K [0x00000000a2400000, 0x0000000100000000)
  region size 1024K, 18 young (18432K), 2 survivors (2048K)
 Metaspace       used 31146K, committed 31488K, reserved 1114112K
  class space    used 3477K, committed 3648K, reserved 1048576K
}
Event: 10.766 GC heap after
{Heap after GC invocations=7 (full 0):
 garbage-first heap   total 40960K, used 12239K [0x00000000a2400000, 0x0000000100000000)
  region size 1024K, 2 young (2048K), 2 survivors (2048K)
 Metaspace       used 31146K, committed 31488K, reserved 1114112K
  class space    used 3477K, committed 3648K, reserved 1048576K
}
Event: 10.783 GC heap before
{Heap before GC invocations=7 (full 0):
 garbage-first heap   total 40960K, used 29647K [0x00000000a2400000, 0x0000000100000000)
  region size 1024K, 19 young (19456K), 2 survivors (2048K)
 Metaspace       used 31146K, committed 31488K, reserved 1114112K
  class space    used 3477K, committed 3648K, reserved 1048576K
}
Event: 10.786 GC heap after
{Heap after GC invocations=8 (full 0):
 garbage-first heap   total 40960K, used 12811K [0x00000000a2400000, 0x0000000100000000)
  region size 1024K, 2 young (2048K), 2 survivors (2048K)
 Metaspace       used 31146K, committed 31488K, reserved 1114112K
  class space    used 3477K, committed 3648K, reserved 1048576K
}
Event: 10.971 GC heap before
{Heap before GC invocations=8 (full 0):
 garbage-first heap   total 40960K, used 30219K [0x00000000a2400000, 0x0000000100000000)
  region size 1024K, 19 young (19456K), 2 survivors (2048K)
 Metaspace       used 32884K, committed 33216K, reserved 1114112K
  class space    used 3705K, committed 3840K, reserved 1048576K
}
Event: 10.974 GC heap after
{Heap after GC invocations=9 (full 0):
 garbage-first heap   total 79872K, used 13532K [0x00000000a2400000, 0x0000000100000000)
  region size 1024K, 2 young (2048K), 2 survivors (2048K)
 Metaspace       used 32884K, committed 33216K, reserved 1114112K
  class space    used 3705K, committed 3840K, reserved 1048576K
}
Event: 11.637 GC heap before
{Heap before GC invocations=9 (full 0):
 garbage-first heap   total 79872K, used 57564K [0x00000000a2400000, 0x0000000100000000)
  region size 1024K, 45 young (46080K), 2 survivors (2048K)
 Metaspace       used 34846K, committed 35200K, reserved 1114112K
  class space    used 3863K, committed 4032K, reserved 1048576K
}

