<?xml version="1.0" encoding="UTF-8"?>
<testng-results ignored="0" total="2" passed="2" failed="0" skipped="0">
  <reporter-output>
  </reporter-output>
  <suite started-at="2025-03-27T02:04:08 IST" name="Default suite" finished-at="2025-03-27T02:04:52 IST" duration-ms="43903">
    <groups>
    </groups>
    <test started-at="2025-03-27T02:04:08 IST" name="Default test" finished-at="2025-03-27T02:04:52 IST" duration-ms="43903">
      <class name="testsCases.TC001_searchFlightforRoundTrip">
        <test-method is-config="true" signature="setup()[pri:0, instance:testsCases.TC001_searchFlightforRoundTrip@2dc54ad4]" started-at="2025-03-27T02:04:08 IST" name="setup" finished-at="2025-03-27T02:04:14 IST" duration-ms="5164" status="PASS">
          <reporter-output>
          </reporter-output>
        </test-method> <!-- setup -->
        <test-method signature="roundTripTicket(java.lang.String,java.lang.String,java.lang.String,java.lang.String,java.lang.String,java.lang.String,java.lang.String,java.lang.String,java.lang.String,java.lang.String,java.lang.String)[pri:1, instance:testsCases.TC001_searchFlightforRoundTrip@2dc54ad4]" started-at="2025-03-27T02:04:14 IST" name="roundTripTicket" data-provider="LoginData" finished-at="2025-03-27T02:04:34 IST" duration-ms="19634" status="PASS">
          <params>
            <param index="0">
              <value>
                <![CDATA[Bengaluru]]>
              </value>
            </param>
            <param index="1">
              <value>
                <![CDATA[Chennai]]>
              </value>
            </param>
            <param index="2">
              <value>
                <![CDATA[2025]]>
              </value>
            </param>
            <param index="3">
              <value>
                <![CDATA[August]]>
              </value>
            </param>
            <param index="4">
              <value>
                <![CDATA[20]]>
              </value>
            </param>
            <param index="5">
              <value>
                <![CDATA[2025]]>
              </value>
            </param>
            <param index="6">
              <value>
                <![CDATA[October]]>
              </value>
            </param>
            <param index="7">
              <value>
                <![CDATA[1]]>
              </value>
            </param>
            <param index="8">
              <value>
                <![CDATA[1]]>
              </value>
            </param>
            <param index="9">
              <value>
                <![CDATA[0]]>
              </value>
            </param>
            <param index="10">
              <value>
                <![CDATA[0]]>
              </value>
            </param>
          </params>
          <reporter-output>
          </reporter-output>
        </test-method> <!-- roundTripTicket -->
        <test-method signature="roundTripTicket(java.lang.String,java.lang.String,java.lang.String,java.lang.String,java.lang.String,java.lang.String,java.lang.String,java.lang.String,java.lang.String,java.lang.String,java.lang.String)[pri:1, instance:testsCases.TC001_searchFlightforRoundTrip@2dc54ad4]" started-at="2025-03-27T02:04:34 IST" name="roundTripTicket" data-provider="LoginData" finished-at="2025-03-27T02:04:47 IST" duration-ms="12967" status="PASS">
          <params>
            <param index="0">
              <value>
                <![CDATA[Delhi]]>
              </value>
            </param>
            <param index="1">
              <value>
                <![CDATA[Kolkata]]>
              </value>
            </param>
            <param index="2">
              <value>
                <![CDATA[2025]]>
              </value>
            </param>
            <param index="3">
              <value>
                <![CDATA[April]]>
              </value>
            </param>
            <param index="4">
              <value>
                <![CDATA[22]]>
              </value>
            </param>
            <param index="5">
              <value>
                <![CDATA[2025]]>
              </value>
            </param>
            <param index="6">
              <value>
                <![CDATA[May]]>
              </value>
            </param>
            <param index="7">
              <value>
                <![CDATA[20]]>
              </value>
            </param>
            <param index="8">
              <value>
                <![CDATA[2]]>
              </value>
            </param>
            <param index="9">
              <value>
                <![CDATA[0]]>
              </value>
            </param>
            <param index="10">
              <value>
                <![CDATA[0]]>
              </value>
            </param>
          </params>
          <reporter-output>
          </reporter-output>
        </test-method> <!-- roundTripTicket -->
        <test-method is-config="true" signature="teardown()[pri:0, instance:testsCases.TC001_searchFlightforRoundTrip@2dc54ad4]" started-at="2025-03-27T02:04:47 IST" name="teardown" finished-at="2025-03-27T02:04:52 IST" duration-ms="5195" status="PASS">
          <reporter-output>
          </reporter-output>
        </test-method> <!-- teardown -->
        <test-method is-config="true" signature="refresh()[pri:0, instance:testsCases.TC001_searchFlightforRoundTrip@2dc54ad4]" started-at="2025-03-27T02:04:52 IST" name="refresh" finished-at="2025-03-27T02:04:52 IST" duration-ms="1" status="PASS">
          <reporter-output>
          </reporter-output>
        </test-method> <!-- refresh -->
      </class> <!-- testsCases.TC001_searchFlightforRoundTrip -->
    </test> <!-- Default test -->
  </suite> <!-- Default suite -->
</testng-results>
